Arguments: 
  /usr/local/Cellar/node/12.11.1/bin/node /usr/local/Cellar/yarn/1.19.0/libexec/bin/yarn.js start

PATH: 
  /Users/willsonsmith/.deno/bin:/Users/willsonsmith/.cargo/bin:/Applications/Postgres.app/Contents/Versions/9.4/bin:/usr/local/sbin:/usr/local/bin:/usr/local/bin:/usr/bin:/bin:/usr/sbin:/sbin:/Library/Apple/usr/bin:/Library/Apple/bin:/usr/local/MacGPG2/bin:/Users/willsonsmith/.deno/bin:/Users/willsonsmith/.cargo/bin:/Applications/Postgres.app/Contents/Versions/9.4/bin:/usr/local/sbin

Yarn version: 
  1.19.0

Node version: 
  12.11.1

Platform: 
  darwin x64

Trace: 
  SyntaxError: /Users/willsonsmith/Projects/web/gif-player/package.json: Unexpected string in JSON at position 108
      at JSON.parse (<anonymous>)
      at /usr/local/Cellar/yarn/1.19.0/libexec/lib/cli.js:1625:59
      at Generator.next (<anonymous>)
      at step (/usr/local/Cellar/yarn/1.19.0/libexec/lib/cli.js:304:30)
      at /usr/local/Cellar/yarn/1.19.0/libexec/lib/cli.js:315:13

npm manifest: 
  {
    "name": "gif-player",
    "version": "1.0.0",
    "main": "dist/index.js",
    "module": "dist/index.es.js"
    "license": "MIT",
    "scripts": {
      "start": "rollup -cw",
      "build": "rollup -c"
    },
    "dependencies": {
      "haunted": "^4.6.1",
      "lit-html": "^1.1.2",
      "omggif": "^1.0.10"
    },
    "devDependencies": {
      "rollup": "^1.23.1"
    }
  }

yarn manifest: 
  No manifest

Lockfile: 
  # THIS IS AN AUTOGENERATED FILE. DO NOT EDIT THIS FILE DIRECTLY.
  # yarn lockfile v1
  
  
  "@types/estree@*":
    version "0.0.39"
    resolved "https://registry.yarnpkg.com/@types/estree/-/estree-0.0.39.tgz#e177e699ee1b8c22d23174caaa7422644389509f"
    integrity sha512-EYNwp3bU+98cpU4lAWYYL7Zz+2gryWH1qbdDTidVd6hkiR6weksdbMadyXKXNPEkQFhXM+hVO9ZygomHXp+AIw==
  
  "@types/node@*":
    version "12.7.11"
    resolved "https://registry.yarnpkg.com/@types/node/-/node-12.7.11.tgz#be879b52031cfb5d295b047f5462d8ef1a716446"
    integrity sha512-Otxmr2rrZLKRYIybtdG/sgeO+tHY20GxeDjcGmUnmmlCWyEnv2a2x1ZXBo3BTec4OiTXMQCiazB8NMBf0iRlFw==
  
  acorn@^7.1.0:
    version "7.1.0"
    resolved "https://registry.yarnpkg.com/acorn/-/acorn-7.1.0.tgz#949d36f2c292535da602283586c2477c57eb2d6c"
    integrity sha512-kL5CuoXA/dgxlBbVrflsflzQ3PAas7RYZB52NOm/6839iVYJgKMJ3cQJD+t2i5+qFa8h3MDpEOJiS64E8JLnSQ==
  
  haunted@^4.6.1:
    version "4.6.1"
    resolved "https://registry.yarnpkg.com/haunted/-/haunted-4.6.1.tgz#3eb4e427cf1a12d40be314b25fe03bd194223350"
    integrity sha512-OumprNczJStCFvMrPA/WvSkkFea34aY1MmLMRMAgXocwhX88+/lJ7BUUW0stUV3ZAhR3xQXVoL1cQ/LpVzHCzA==
    dependencies:
      lit-html "^1.0.0"
  
  lit-html@^1.0.0, lit-html@^1.1.2:
    version "1.1.2"
    resolved "https://registry.yarnpkg.com/lit-html/-/lit-html-1.1.2.tgz#2e3560a7075210243649c888ad738eaf0daa8374"
    integrity sha512-FFlUMKHKi+qG1x1iHNZ1hrtc/zHmfYTyrSvs3/wBTvaNtpZjOZGWzU7efGYVpgp6KvWeKF6ql9/KsCq6Z/mEDA==
  
  omggif@^1.0.10:
    version "1.0.10"
    resolved "https://registry.yarnpkg.com/omggif/-/omggif-1.0.10.tgz#ddaaf90d4a42f532e9e7cb3a95ecdd47f17c7b19"
    integrity sha512-LMJTtvgc/nugXj0Vcrrs68Mn2D1r0zf630VNtqtpI1FEO7e+O9FP4gqs9AcnBaSEeoHIPm28u6qgPR0oyEpGSw==
  
  rollup@^1.23.1:
    version "1.23.1"
    resolved "https://registry.yarnpkg.com/rollup/-/rollup-1.23.1.tgz#0315a0f5d0dfb056e6363e1dff05b89ac2da6b8e"
    integrity sha512-95C1GZQpr/NIA0kMUQmSjuMDQ45oZfPgDBcN0yZwBG7Kee//m7H68vgIyg+SPuyrTZ5PrXfyLK80OzXeKG5dAA==
    dependencies:
      "@types/estree" "*"
      "@types/node" "*"
      acorn "^7.1.0"
